INFO - 2023-12-31 06:34:43 --> Session: Class initialized using 'CodeIgniter\Session\Handlers\FileHandler' driver.
ERROR - 2023-12-31 07:27:53 --> Error connecting to the database: mysqli_sql_exception: No connection could be made because the target machine actively refused it.
 in C:\xampp\htdocs\web_desaCI4\system\Database\MySQLi\Connection.php:185
Stack trace:
#0 C:\xampp\htdocs\web_desaCI4\system\Database\MySQLi\Connection.php(185): mysqli->real_connect('localhost', 'root', '', 'db-web-desa-kul...', 3306, '', 0)
#1 C:\xampp\htdocs\web_desaCI4\system\Database\BaseConnection.php(392): CodeIgniter\Database\MySQLi\Connection->connect(false)
#2 C:\xampp\htdocs\web_desaCI4\system\Database\BaseConnection.php(575): CodeIgniter\Database\BaseConnection->initialize()
#3 C:\xampp\htdocs\web_desaCI4\system\Database\BaseBuilder.php(1615): CodeIgniter\Database\BaseConnection->query('SELECT *\nFROM `...', Array, false)
#4 C:\xampp\htdocs\web_desaCI4\app\Models\ModelAuth.php(15): CodeIgniter\Database\BaseBuilder->get()
#5 C:\xampp\htdocs\web_desaCI4\app\Controllers\Auth.php(50): App\Models\ModelAuth->LoginUser('admin', '1234')
#6 C:\xampp\htdocs\web_desaCI4\system\CodeIgniter.php(942): App\Controllers\Auth->Login()
#7 C:\xampp\htdocs\web_desaCI4\system\CodeIgniter.php(502): CodeIgniter\CodeIgniter->runController(Object(App\Controllers\Auth))
#8 C:\xampp\htdocs\web_desaCI4\system\CodeIgniter.php(361): CodeIgniter\CodeIgniter->handleRequest(NULL, Object(Config\Cache), false)
#9 C:\xampp\htdocs\web_desaCI4\public\index.php(79): CodeIgniter\CodeIgniter->run()
#10 {main}

Next CodeIgniter\Database\Exceptions\DatabaseException: No connection could be made because the target machine actively refused it.
 in C:\xampp\htdocs\web_desaCI4\system\Database\MySQLi\Connection.php:229
Stack trace:
#0 C:\xampp\htdocs\web_desaCI4\system\Database\BaseConnection.php(392): CodeIgniter\Database\MySQLi\Connection->connect(false)
#1 C:\xampp\htdocs\web_desaCI4\system\Database\BaseConnection.php(575): CodeIgniter\Database\BaseConnection->initialize()
#2 C:\xampp\htdocs\web_desaCI4\system\Database\BaseBuilder.php(1615): CodeIgniter\Database\BaseConnection->query('SELECT *\nFROM `...', Array, false)
#3 C:\xampp\htdocs\web_desaCI4\app\Models\ModelAuth.php(15): CodeIgniter\Database\BaseBuilder->get()
#4 C:\xampp\htdocs\web_desaCI4\app\Controllers\Auth.php(50): App\Models\ModelAuth->LoginUser('admin', '1234')
#5 C:\xampp\htdocs\web_desaCI4\system\CodeIgniter.php(942): App\Controllers\Auth->Login()
#6 C:\xampp\htdocs\web_desaCI4\system\CodeIgniter.php(502): CodeIgniter\CodeIgniter->runController(Object(App\Controllers\Auth))
#7 C:\xampp\htdocs\web_desaCI4\system\CodeIgniter.php(361): CodeIgniter\CodeIgniter->handleRequest(NULL, Object(Config\Cache), false)
#8 C:\xampp\htdocs\web_desaCI4\public\index.php(79): CodeIgniter\CodeIgniter->run()
#9 {main}
CRITICAL - 2023-12-31 07:27:53 --> Unable to connect to the database.
Main connection [MySQLi]: No connection could be made because the target machine actively refused it.

in SYSTEMPATH\Database\BaseConnection.php on line 428.
 1 SYSTEMPATH\Database\BaseConnection.php(575): CodeIgniter\Database\BaseConnection->initialize()
 2 SYSTEMPATH\Database\BaseBuilder.php(1615): CodeIgniter\Database\BaseConnection->query('SELECT *
FROM `tbl_user`
WHERE `username` = :username:
AND `password` = :password:', [...], false)
 3 APPPATH\Models\ModelAuth.php(15): CodeIgniter\Database\BaseBuilder->get()
 4 APPPATH\Controllers\Auth.php(50): App\Models\ModelAuth->LoginUser('admin', '1234')
 5 SYSTEMPATH\CodeIgniter.php(942): App\Controllers\Auth->Login()
 6 SYSTEMPATH\CodeIgniter.php(502): CodeIgniter\CodeIgniter->runController(Object(App\Controllers\Auth))
 7 SYSTEMPATH\CodeIgniter.php(361): CodeIgniter\CodeIgniter->handleRequest(null, Object(Config\Cache), false)
 8 FCPATH\index.php(79): CodeIgniter\CodeIgniter->run()
INFO - 2023-12-31 07:40:13 --> Session: Class initialized using 'CodeIgniter\Session\Handlers\FileHandler' driver.
ERROR - 2023-12-31 07:40:26 --> Error connecting to the database: mysqli_sql_exception: No connection could be made because the target machine actively refused it.
 in C:\xampp\htdocs\web_desaCI4\system\Database\MySQLi\Connection.php:185
Stack trace:
#0 C:\xampp\htdocs\web_desaCI4\system\Database\MySQLi\Connection.php(185): mysqli->real_connect('localhost', 'root', '', 'db-web-desa-kul...', 3306, '', 0)
#1 C:\xampp\htdocs\web_desaCI4\system\Database\BaseConnection.php(392): CodeIgniter\Database\MySQLi\Connection->connect(false)
#2 C:\xampp\htdocs\web_desaCI4\system\Database\BaseConnection.php(575): CodeIgniter\Database\BaseConnection->initialize()
#3 C:\xampp\htdocs\web_desaCI4\system\Database\BaseBuilder.php(1615): CodeIgniter\Database\BaseConnection->query('SELECT *\nFROM `...', Array, false)
#4 C:\xampp\htdocs\web_desaCI4\app\Models\ModelAuth.php(15): CodeIgniter\Database\BaseBuilder->get()
#5 C:\xampp\htdocs\web_desaCI4\app\Controllers\Auth.php(49): App\Models\ModelAuth->LoginUser('admin', 'eeee')
#6 C:\xampp\htdocs\web_desaCI4\system\CodeIgniter.php(942): App\Controllers\Auth->Login()
#7 C:\xampp\htdocs\web_desaCI4\system\CodeIgniter.php(502): CodeIgniter\CodeIgniter->runController(Object(App\Controllers\Auth))
#8 C:\xampp\htdocs\web_desaCI4\system\CodeIgniter.php(361): CodeIgniter\CodeIgniter->handleRequest(NULL, Object(Config\Cache), false)
#9 C:\xampp\htdocs\web_desaCI4\public\index.php(79): CodeIgniter\CodeIgniter->run()
#10 {main}

Next CodeIgniter\Database\Exceptions\DatabaseException: No connection could be made because the target machine actively refused it.
 in C:\xampp\htdocs\web_desaCI4\system\Database\MySQLi\Connection.php:229
Stack trace:
#0 C:\xampp\htdocs\web_desaCI4\system\Database\BaseConnection.php(392): CodeIgniter\Database\MySQLi\Connection->connect(false)
#1 C:\xampp\htdocs\web_desaCI4\system\Database\BaseConnection.php(575): CodeIgniter\Database\BaseConnection->initialize()
#2 C:\xampp\htdocs\web_desaCI4\system\Database\BaseBuilder.php(1615): CodeIgniter\Database\BaseConnection->query('SELECT *\nFROM `...', Array, false)
#3 C:\xampp\htdocs\web_desaCI4\app\Models\ModelAuth.php(15): CodeIgniter\Database\BaseBuilder->get()
#4 C:\xampp\htdocs\web_desaCI4\app\Controllers\Auth.php(49): App\Models\ModelAuth->LoginUser('admin', 'eeee')
#5 C:\xampp\htdocs\web_desaCI4\system\CodeIgniter.php(942): App\Controllers\Auth->Login()
#6 C:\xampp\htdocs\web_desaCI4\system\CodeIgniter.php(502): CodeIgniter\CodeIgniter->runController(Object(App\Controllers\Auth))
#7 C:\xampp\htdocs\web_desaCI4\system\CodeIgniter.php(361): CodeIgniter\CodeIgniter->handleRequest(NULL, Object(Config\Cache), false)
#8 C:\xampp\htdocs\web_desaCI4\public\index.php(79): CodeIgniter\CodeIgniter->run()
#9 {main}
CRITICAL - 2023-12-31 07:40:26 --> Unable to connect to the database.
Main connection [MySQLi]: No connection could be made because the target machine actively refused it.

in SYSTEMPATH\Database\BaseConnection.php on line 428.
 1 SYSTEMPATH\Database\BaseConnection.php(575): CodeIgniter\Database\BaseConnection->initialize()
 2 SYSTEMPATH\Database\BaseBuilder.php(1615): CodeIgniter\Database\BaseConnection->query('SELECT *
FROM `tbl_user`
WHERE `username` = :username:
AND `password` = :password:', [...], false)
 3 APPPATH\Models\ModelAuth.php(15): CodeIgniter\Database\BaseBuilder->get()
 4 APPPATH\Controllers\Auth.php(49): App\Models\ModelAuth->LoginUser('admin', 'eeee')
 5 SYSTEMPATH\CodeIgniter.php(942): App\Controllers\Auth->Login()
 6 SYSTEMPATH\CodeIgniter.php(502): CodeIgniter\CodeIgniter->runController(Object(App\Controllers\Auth))
 7 SYSTEMPATH\CodeIgniter.php(361): CodeIgniter\CodeIgniter->handleRequest(null, Object(Config\Cache), false)
 8 FCPATH\index.php(79): CodeIgniter\CodeIgniter->run()
INFO - 2023-12-31 07:43:08 --> Session: Class initialized using 'CodeIgniter\Session\Handlers\FileHandler' driver.
INFO - 2023-12-31 07:43:25 --> Session: Class initialized using 'CodeIgniter\Session\Handlers\FileHandler' driver.
INFO - 2023-12-31 07:43:33 --> Session: Class initialized using 'CodeIgniter\Session\Handlers\FileHandler' driver.
INFO - 2023-12-31 07:44:08 --> Session: Class initialized using 'CodeIgniter\Session\Handlers\FileHandler' driver.
